CRITICAL - 2024-06-20 13:35:01 --> ErrorException: Undefined variable $title
[Method: GET, Route: task]
in APPPATH\Views\html.php on line 9.
 1 APPPATH\Views\html.php(9): CodeIgniter\Debug\Exceptions->errorHandler(2, 'Undefined variable $title', 'C:\\Users\\user\\Downloads\\CI4\\codeigniter4-framework-163f111\\app\\Views\\html.php', 9)
 2 SYSTEMPATH\View\View.php(234): include('C:\\Users\\user\\Downloads\\CI4\\codeigniter4-framework-163f111\\app\\Views\\html.php')
 3 SYSTEMPATH\View\View.php(237): CodeIgniter\View\View->CodeIgniter\View\{closure}()
 4 SYSTEMPATH\Common.php(1171): CodeIgniter\View\View->render('html', [], true)
 5 APPPATH\Controllers\TaskController.php(12): view('html')
 6 SYSTEMPATH\CodeIgniter.php(933): App\Controllers\TaskController->index()
 7 SYSTEMPATH\CodeIgniter.php(509): CodeIgniter\CodeIgniter->runController(Object(App\Controllers\TaskController))
 8 SYSTEMPATH\CodeIgniter.php(355): CodeIgniter\CodeIgniter->handleRequest(null, Object(Config\Cache), false)
 9 SYSTEMPATH\Boot.php(325): CodeIgniter\CodeIgniter->run()
10 SYSTEMPATH\Boot.php(67): CodeIgniter\Boot::runCodeIgniter(Object(CodeIgniter\CodeIgniter))
11 FCPATH\index.php(56): CodeIgniter\Boot::bootWeb(Object(Config\Paths))
12 SYSTEMPATH\Commands\Server\rewrite.php(49): require_once('C:\\Users\\user\\Downloads\\CI4\\codeigniter4-framework-163f111\\public\\index.php')
CRITICAL - 2024-06-20 13:35:03 --> ErrorException: Undefined variable $title
[Method: GET, Route: task]
in APPPATH\Views\html.php on line 9.
 1 APPPATH\Views\html.php(9): CodeIgniter\Debug\Exceptions->errorHandler(2, 'Undefined variable $title', 'C:\\Users\\user\\Downloads\\CI4\\codeigniter4-framework-163f111\\app\\Views\\html.php', 9)
 2 SYSTEMPATH\View\View.php(234): include('C:\\Users\\user\\Downloads\\CI4\\codeigniter4-framework-163f111\\app\\Views\\html.php')
 3 SYSTEMPATH\View\View.php(237): CodeIgniter\View\View->CodeIgniter\View\{closure}()
 4 SYSTEMPATH\Common.php(1171): CodeIgniter\View\View->render('html', [], true)
 5 APPPATH\Controllers\TaskController.php(12): view('html')
 6 SYSTEMPATH\CodeIgniter.php(933): App\Controllers\TaskController->index()
 7 SYSTEMPATH\CodeIgniter.php(509): CodeIgniter\CodeIgniter->runController(Object(App\Controllers\TaskController))
 8 SYSTEMPATH\CodeIgniter.php(355): CodeIgniter\CodeIgniter->handleRequest(null, Object(Config\Cache), false)
 9 SYSTEMPATH\Boot.php(325): CodeIgniter\CodeIgniter->run()
10 SYSTEMPATH\Boot.php(67): CodeIgniter\Boot::runCodeIgniter(Object(CodeIgniter\CodeIgniter))
11 FCPATH\index.php(56): CodeIgniter\Boot::bootWeb(Object(Config\Paths))
12 SYSTEMPATH\Commands\Server\rewrite.php(49): require_once('C:\\Users\\user\\Downloads\\CI4\\codeigniter4-framework-163f111\\public\\index.php')
CRITICAL - 2024-06-20 13:35:37 --> ErrorException: Undefined variable $title
[Method: GET, Route: task]
in APPPATH\Views\html.php on line 9.
 1 APPPATH\Views\html.php(9): CodeIgniter\Debug\Exceptions->errorHandler(2, 'Undefined variable $title', 'C:\\Users\\user\\Downloads\\CI4\\codeigniter4-framework-163f111\\app\\Views\\html.php', 9)
 2 SYSTEMPATH\View\View.php(234): include('C:\\Users\\user\\Downloads\\CI4\\codeigniter4-framework-163f111\\app\\Views\\html.php')
 3 SYSTEMPATH\View\View.php(237): CodeIgniter\View\View->CodeIgniter\View\{closure}()
 4 SYSTEMPATH\Common.php(1171): CodeIgniter\View\View->render('html', [], true)
 5 APPPATH\Controllers\TaskController.php(12): view('html')
 6 SYSTEMPATH\CodeIgniter.php(933): App\Controllers\TaskController->index()
 7 SYSTEMPATH\CodeIgniter.php(509): CodeIgniter\CodeIgniter->runController(Object(App\Controllers\TaskController))
 8 SYSTEMPATH\CodeIgniter.php(355): CodeIgniter\CodeIgniter->handleRequest(null, Object(Config\Cache), false)
 9 SYSTEMPATH\Boot.php(325): CodeIgniter\CodeIgniter->run()
10 SYSTEMPATH\Boot.php(67): CodeIgniter\Boot::runCodeIgniter(Object(CodeIgniter\CodeIgniter))
11 FCPATH\index.php(56): CodeIgniter\Boot::bootWeb(Object(Config\Paths))
12 SYSTEMPATH\Commands\Server\rewrite.php(49): require_once('C:\\Users\\user\\Downloads\\CI4\\codeigniter4-framework-163f111\\public\\index.php')
CRITICAL - 2024-06-20 13:35:40 --> ErrorException: Undefined variable $title
[Method: GET, Route: task]
in APPPATH\Views\html.php on line 9.
 1 APPPATH\Views\html.php(9): CodeIgniter\Debug\Exceptions->errorHandler(2, 'Undefined variable $title', 'C:\\Users\\user\\Downloads\\CI4\\codeigniter4-framework-163f111\\app\\Views\\html.php', 9)
 2 SYSTEMPATH\View\View.php(234): include('C:\\Users\\user\\Downloads\\CI4\\codeigniter4-framework-163f111\\app\\Views\\html.php')
 3 SYSTEMPATH\View\View.php(237): CodeIgniter\View\View->CodeIgniter\View\{closure}()
 4 SYSTEMPATH\Common.php(1171): CodeIgniter\View\View->render('html', [], true)
 5 APPPATH\Controllers\TaskController.php(12): view('html')
 6 SYSTEMPATH\CodeIgniter.php(933): App\Controllers\TaskController->index()
 7 SYSTEMPATH\CodeIgniter.php(509): CodeIgniter\CodeIgniter->runController(Object(App\Controllers\TaskController))
 8 SYSTEMPATH\CodeIgniter.php(355): CodeIgniter\CodeIgniter->handleRequest(null, Object(Config\Cache), false)
 9 SYSTEMPATH\Boot.php(325): CodeIgniter\CodeIgniter->run()
10 SYSTEMPATH\Boot.php(67): CodeIgniter\Boot::runCodeIgniter(Object(CodeIgniter\CodeIgniter))
11 FCPATH\index.php(56): CodeIgniter\Boot::bootWeb(Object(Config\Paths))
12 SYSTEMPATH\Commands\Server\rewrite.php(49): require_once('C:\\Users\\user\\Downloads\\CI4\\codeigniter4-framework-163f111\\public\\index.php')
CRITICAL - 2024-06-20 13:35:47 --> ErrorException: Undefined variable $title
[Method: GET, Route: task]
in APPPATH\Views\html.php on line 9.
 1 APPPATH\Views\html.php(9): CodeIgniter\Debug\Exceptions->errorHandler(2, 'Undefined variable $title', 'C:\\Users\\user\\Downloads\\CI4\\codeigniter4-framework-163f111\\app\\Views\\html.php', 9)
 2 SYSTEMPATH\View\View.php(234): include('C:\\Users\\user\\Downloads\\CI4\\codeigniter4-framework-163f111\\app\\Views\\html.php')
 3 SYSTEMPATH\View\View.php(237): CodeIgniter\View\View->CodeIgniter\View\{closure}()
 4 SYSTEMPATH\Common.php(1171): CodeIgniter\View\View->render('html', [], true)
 5 APPPATH\Controllers\TaskController.php(12): view('html')
 6 SYSTEMPATH\CodeIgniter.php(933): App\Controllers\TaskController->index()
 7 SYSTEMPATH\CodeIgniter.php(509): CodeIgniter\CodeIgniter->runController(Object(App\Controllers\TaskController))
 8 SYSTEMPATH\CodeIgniter.php(355): CodeIgniter\CodeIgniter->handleRequest(null, Object(Config\Cache), false)
 9 SYSTEMPATH\Boot.php(325): CodeIgniter\CodeIgniter->run()
10 SYSTEMPATH\Boot.php(67): CodeIgniter\Boot::runCodeIgniter(Object(CodeIgniter\CodeIgniter))
11 FCPATH\index.php(56): CodeIgniter\Boot::bootWeb(Object(Config\Paths))
12 SYSTEMPATH\Commands\Server\rewrite.php(49): require_once('C:\\Users\\user\\Downloads\\CI4\\codeigniter4-framework-163f111\\public\\index.php')
CRITICAL - 2024-06-20 13:35:51 --> ErrorException: Undefined variable $title
[Method: GET, Route: task]
in APPPATH\Views\html.php on line 9.
 1 APPPATH\Views\html.php(9): CodeIgniter\Debug\Exceptions->errorHandler(2, 'Undefined variable $title', 'C:\\Users\\user\\Downloads\\CI4\\codeigniter4-framework-163f111\\app\\Views\\html.php', 9)
 2 SYSTEMPATH\View\View.php(234): include('C:\\Users\\user\\Downloads\\CI4\\codeigniter4-framework-163f111\\app\\Views\\html.php')
 3 SYSTEMPATH\View\View.php(237): CodeIgniter\View\View->CodeIgniter\View\{closure}()
 4 SYSTEMPATH\Common.php(1171): CodeIgniter\View\View->render('html', [], true)
 5 APPPATH\Controllers\TaskController.php(12): view('html')
 6 SYSTEMPATH\CodeIgniter.php(933): App\Controllers\TaskController->index()
 7 SYSTEMPATH\CodeIgniter.php(509): CodeIgniter\CodeIgniter->runController(Object(App\Controllers\TaskController))
 8 SYSTEMPATH\CodeIgniter.php(355): CodeIgniter\CodeIgniter->handleRequest(null, Object(Config\Cache), false)
 9 SYSTEMPATH\Boot.php(325): CodeIgniter\CodeIgniter->run()
10 SYSTEMPATH\Boot.php(67): CodeIgniter\Boot::runCodeIgniter(Object(CodeIgniter\CodeIgniter))
11 FCPATH\index.php(56): CodeIgniter\Boot::bootWeb(Object(Config\Paths))
12 SYSTEMPATH\Commands\Server\rewrite.php(49): require_once('C:\\Users\\user\\Downloads\\CI4\\codeigniter4-framework-163f111\\public\\index.php')
CRITICAL - 2024-06-20 13:35:51 --> ErrorException: Undefined variable $title
[Method: GET, Route: task]
in APPPATH\Views\html.php on line 9.
 1 APPPATH\Views\html.php(9): CodeIgniter\Debug\Exceptions->errorHandler(2, 'Undefined variable $title', 'C:\\Users\\user\\Downloads\\CI4\\codeigniter4-framework-163f111\\app\\Views\\html.php', 9)
 2 SYSTEMPATH\View\View.php(234): include('C:\\Users\\user\\Downloads\\CI4\\codeigniter4-framework-163f111\\app\\Views\\html.php')
 3 SYSTEMPATH\View\View.php(237): CodeIgniter\View\View->CodeIgniter\View\{closure}()
 4 SYSTEMPATH\Common.php(1171): CodeIgniter\View\View->render('html', [], true)
 5 APPPATH\Controllers\TaskController.php(12): view('html')
 6 SYSTEMPATH\CodeIgniter.php(933): App\Controllers\TaskController->index()
 7 SYSTEMPATH\CodeIgniter.php(509): CodeIgniter\CodeIgniter->runController(Object(App\Controllers\TaskController))
 8 SYSTEMPATH\CodeIgniter.php(355): CodeIgniter\CodeIgniter->handleRequest(null, Object(Config\Cache), false)
 9 SYSTEMPATH\Boot.php(325): CodeIgniter\CodeIgniter->run()
10 SYSTEMPATH\Boot.php(67): CodeIgniter\Boot::runCodeIgniter(Object(CodeIgniter\CodeIgniter))
11 FCPATH\index.php(56): CodeIgniter\Boot::bootWeb(Object(Config\Paths))
12 SYSTEMPATH\Commands\Server\rewrite.php(49): require_once('C:\\Users\\user\\Downloads\\CI4\\codeigniter4-framework-163f111\\public\\index.php')
CRITICAL - 2024-06-20 13:35:51 --> ErrorException: Undefined variable $title
[Method: GET, Route: task]
in APPPATH\Views\html.php on line 9.
 1 APPPATH\Views\html.php(9): CodeIgniter\Debug\Exceptions->errorHandler(2, 'Undefined variable $title', 'C:\\Users\\user\\Downloads\\CI4\\codeigniter4-framework-163f111\\app\\Views\\html.php', 9)
 2 SYSTEMPATH\View\View.php(234): include('C:\\Users\\user\\Downloads\\CI4\\codeigniter4-framework-163f111\\app\\Views\\html.php')
 3 SYSTEMPATH\View\View.php(237): CodeIgniter\View\View->CodeIgniter\View\{closure}()
 4 SYSTEMPATH\Common.php(1171): CodeIgniter\View\View->render('html', [], true)
 5 APPPATH\Controllers\TaskController.php(12): view('html')
 6 SYSTEMPATH\CodeIgniter.php(933): App\Controllers\TaskController->index()
 7 SYSTEMPATH\CodeIgniter.php(509): CodeIgniter\CodeIgniter->runController(Object(App\Controllers\TaskController))
 8 SYSTEMPATH\CodeIgniter.php(355): CodeIgniter\CodeIgniter->handleRequest(null, Object(Config\Cache), false)
 9 SYSTEMPATH\Boot.php(325): CodeIgniter\CodeIgniter->run()
10 SYSTEMPATH\Boot.php(67): CodeIgniter\Boot::runCodeIgniter(Object(CodeIgniter\CodeIgniter))
11 FCPATH\index.php(56): CodeIgniter\Boot::bootWeb(Object(Config\Paths))
12 SYSTEMPATH\Commands\Server\rewrite.php(49): require_once('C:\\Users\\user\\Downloads\\CI4\\codeigniter4-framework-163f111\\public\\index.php')
CRITICAL - 2024-06-20 13:35:52 --> ErrorException: Undefined variable $title
[Method: GET, Route: task]
in APPPATH\Views\html.php on line 9.
 1 APPPATH\Views\html.php(9): CodeIgniter\Debug\Exceptions->errorHandler(2, 'Undefined variable $title', 'C:\\Users\\user\\Downloads\\CI4\\codeigniter4-framework-163f111\\app\\Views\\html.php', 9)
 2 SYSTEMPATH\View\View.php(234): include('C:\\Users\\user\\Downloads\\CI4\\codeigniter4-framework-163f111\\app\\Views\\html.php')
 3 SYSTEMPATH\View\View.php(237): CodeIgniter\View\View->CodeIgniter\View\{closure}()
 4 SYSTEMPATH\Common.php(1171): CodeIgniter\View\View->render('html', [], true)
 5 APPPATH\Controllers\TaskController.php(12): view('html')
 6 SYSTEMPATH\CodeIgniter.php(933): App\Controllers\TaskController->index()
 7 SYSTEMPATH\CodeIgniter.php(509): CodeIgniter\CodeIgniter->runController(Object(App\Controllers\TaskController))
 8 SYSTEMPATH\CodeIgniter.php(355): CodeIgniter\CodeIgniter->handleRequest(null, Object(Config\Cache), false)
 9 SYSTEMPATH\Boot.php(325): CodeIgniter\CodeIgniter->run()
10 SYSTEMPATH\Boot.php(67): CodeIgniter\Boot::runCodeIgniter(Object(CodeIgniter\CodeIgniter))
11 FCPATH\index.php(56): CodeIgniter\Boot::bootWeb(Object(Config\Paths))
12 SYSTEMPATH\Commands\Server\rewrite.php(49): require_once('C:\\Users\\user\\Downloads\\CI4\\codeigniter4-framework-163f111\\public\\index.php')
CRITICAL - 2024-06-20 13:35:52 --> ErrorException: Undefined variable $title
[Method: GET, Route: task]
in APPPATH\Views\html.php on line 9.
 1 APPPATH\Views\html.php(9): CodeIgniter\Debug\Exceptions->errorHandler(2, 'Undefined variable $title', 'C:\\Users\\user\\Downloads\\CI4\\codeigniter4-framework-163f111\\app\\Views\\html.php', 9)
 2 SYSTEMPATH\View\View.php(234): include('C:\\Users\\user\\Downloads\\CI4\\codeigniter4-framework-163f111\\app\\Views\\html.php')
 3 SYSTEMPATH\View\View.php(237): CodeIgniter\View\View->CodeIgniter\View\{closure}()
 4 SYSTEMPATH\Common.php(1171): CodeIgniter\View\View->render('html', [], true)
 5 APPPATH\Controllers\TaskController.php(12): view('html')
 6 SYSTEMPATH\CodeIgniter.php(933): App\Controllers\TaskController->index()
 7 SYSTEMPATH\CodeIgniter.php(509): CodeIgniter\CodeIgniter->runController(Object(App\Controllers\TaskController))
 8 SYSTEMPATH\CodeIgniter.php(355): CodeIgniter\CodeIgniter->handleRequest(null, Object(Config\Cache), false)
 9 SYSTEMPATH\Boot.php(325): CodeIgniter\CodeIgniter->run()
10 SYSTEMPATH\Boot.php(67): CodeIgniter\Boot::runCodeIgniter(Object(CodeIgniter\CodeIgniter))
11 FCPATH\index.php(56): CodeIgniter\Boot::bootWeb(Object(Config\Paths))
12 SYSTEMPATH\Commands\Server\rewrite.php(49): require_once('C:\\Users\\user\\Downloads\\CI4\\codeigniter4-framework-163f111\\public\\index.php')
CRITICAL - 2024-06-20 13:35:53 --> ErrorException: Undefined variable $title
[Method: GET, Route: task]
in APPPATH\Views\html.php on line 9.
 1 APPPATH\Views\html.php(9): CodeIgniter\Debug\Exceptions->errorHandler(2, 'Undefined variable $title', 'C:\\Users\\user\\Downloads\\CI4\\codeigniter4-framework-163f111\\app\\Views\\html.php', 9)
 2 SYSTEMPATH\View\View.php(234): include('C:\\Users\\user\\Downloads\\CI4\\codeigniter4-framework-163f111\\app\\Views\\html.php')
 3 SYSTEMPATH\View\View.php(237): CodeIgniter\View\View->CodeIgniter\View\{closure}()
 4 SYSTEMPATH\Common.php(1171): CodeIgniter\View\View->render('html', [], true)
 5 APPPATH\Controllers\TaskController.php(12): view('html')
 6 SYSTEMPATH\CodeIgniter.php(933): App\Controllers\TaskController->index()
 7 SYSTEMPATH\CodeIgniter.php(509): CodeIgniter\CodeIgniter->runController(Object(App\Controllers\TaskController))
 8 SYSTEMPATH\CodeIgniter.php(355): CodeIgniter\CodeIgniter->handleRequest(null, Object(Config\Cache), false)
 9 SYSTEMPATH\Boot.php(325): CodeIgniter\CodeIgniter->run()
10 SYSTEMPATH\Boot.php(67): CodeIgniter\Boot::runCodeIgniter(Object(CodeIgniter\CodeIgniter))
11 FCPATH\index.php(56): CodeIgniter\Boot::bootWeb(Object(Config\Paths))
12 SYSTEMPATH\Commands\Server\rewrite.php(49): require_once('C:\\Users\\user\\Downloads\\CI4\\codeigniter4-framework-163f111\\public\\index.php')
CRITICAL - 2024-06-20 13:35:53 --> ErrorException: Undefined variable $title
[Method: GET, Route: task]
in APPPATH\Views\html.php on line 9.
 1 APPPATH\Views\html.php(9): CodeIgniter\Debug\Exceptions->errorHandler(2, 'Undefined variable $title', 'C:\\Users\\user\\Downloads\\CI4\\codeigniter4-framework-163f111\\app\\Views\\html.php', 9)
 2 SYSTEMPATH\View\View.php(234): include('C:\\Users\\user\\Downloads\\CI4\\codeigniter4-framework-163f111\\app\\Views\\html.php')
 3 SYSTEMPATH\View\View.php(237): CodeIgniter\View\View->CodeIgniter\View\{closure}()
 4 SYSTEMPATH\Common.php(1171): CodeIgniter\View\View->render('html', [], true)
 5 APPPATH\Controllers\TaskController.php(12): view('html')
 6 SYSTEMPATH\CodeIgniter.php(933): App\Controllers\TaskController->index()
 7 SYSTEMPATH\CodeIgniter.php(509): CodeIgniter\CodeIgniter->runController(Object(App\Controllers\TaskController))
 8 SYSTEMPATH\CodeIgniter.php(355): CodeIgniter\CodeIgniter->handleRequest(null, Object(Config\Cache), false)
 9 SYSTEMPATH\Boot.php(325): CodeIgniter\CodeIgniter->run()
10 SYSTEMPATH\Boot.php(67): CodeIgniter\Boot::runCodeIgniter(Object(CodeIgniter\CodeIgniter))
11 FCPATH\index.php(56): CodeIgniter\Boot::bootWeb(Object(Config\Paths))
12 SYSTEMPATH\Commands\Server\rewrite.php(49): require_once('C:\\Users\\user\\Downloads\\CI4\\codeigniter4-framework-163f111\\public\\index.php')
CRITICAL - 2024-06-20 13:35:54 --> ErrorException: Undefined variable $title
[Method: GET, Route: task]
in APPPATH\Views\html.php on line 9.
 1 APPPATH\Views\html.php(9): CodeIgniter\Debug\Exceptions->errorHandler(2, 'Undefined variable $title', 'C:\\Users\\user\\Downloads\\CI4\\codeigniter4-framework-163f111\\app\\Views\\html.php', 9)
 2 SYSTEMPATH\View\View.php(234): include('C:\\Users\\user\\Downloads\\CI4\\codeigniter4-framework-163f111\\app\\Views\\html.php')
 3 SYSTEMPATH\View\View.php(237): CodeIgniter\View\View->CodeIgniter\View\{closure}()
 4 SYSTEMPATH\Common.php(1171): CodeIgniter\View\View->render('html', [], true)
 5 APPPATH\Controllers\TaskController.php(12): view('html')
 6 SYSTEMPATH\CodeIgniter.php(933): App\Controllers\TaskController->index()
 7 SYSTEMPATH\CodeIgniter.php(509): CodeIgniter\CodeIgniter->runController(Object(App\Controllers\TaskController))
 8 SYSTEMPATH\CodeIgniter.php(355): CodeIgniter\CodeIgniter->handleRequest(null, Object(Config\Cache), false)
 9 SYSTEMPATH\Boot.php(325): CodeIgniter\CodeIgniter->run()
10 SYSTEMPATH\Boot.php(67): CodeIgniter\Boot::runCodeIgniter(Object(CodeIgniter\CodeIgniter))
11 FCPATH\index.php(56): CodeIgniter\Boot::bootWeb(Object(Config\Paths))
12 SYSTEMPATH\Commands\Server\rewrite.php(49): require_once('C:\\Users\\user\\Downloads\\CI4\\codeigniter4-framework-163f111\\public\\index.php')
CRITICAL - 2024-06-20 13:53:52 --> ErrorException: Undefined variable $tasks
[Method: GET, Route: task]
in APPPATH\Controllers\TaskController.php on line 14.
 1 APPPATH\Controllers\TaskController.php(14): CodeIgniter\Debug\Exceptions->errorHandler(2, 'Undefined variable $tasks', 'C:\\Users\\user\\Downloads\\CI4\\codeigniter4-framework-163f111\\app\\Controllers\\TaskController.php', 14)
 2 SYSTEMPATH\CodeIgniter.php(933): App\Controllers\TaskController->index()
 3 SYSTEMPATH\CodeIgniter.php(509): CodeIgniter\CodeIgniter->runController(Object(App\Controllers\TaskController))
 4 SYSTEMPATH\CodeIgniter.php(355): CodeIgniter\CodeIgniter->handleRequest(null, Object(Config\Cache), false)
 5 SYSTEMPATH\Boot.php(325): CodeIgniter\CodeIgniter->run()
 6 SYSTEMPATH\Boot.php(67): CodeIgniter\Boot::runCodeIgniter(Object(CodeIgniter\CodeIgniter))
 7 FCPATH\index.php(56): CodeIgniter\Boot::bootWeb(Object(Config\Paths))
 8 SYSTEMPATH\Commands\Server\rewrite.php(49): require_once('C:\\Users\\user\\Downloads\\CI4\\codeigniter4-framework-163f111\\public\\index.php')
