CRITICAL - 2024-07-09 12:45:21 --> CodeIgniter\View\Exceptions\ViewException: Invalid file: "tasks.php"
[Method: GET, Route: tasks]
in SYSTEMPATH\Exceptions\FrameworkException.php on line 41.
 1 SYSTEMPATH\View\View.php(222): CodeIgniter\Exceptions\FrameworkException::forInvalidFile('tasks.php')
 2 SYSTEMPATH\Common.php(1171): CodeIgniter\View\View->render('tasks', [], true)
 3 APPPATH\Controllers\TaskController.php(20): view('tasks', [...])
 4 SYSTEMPATH\CodeIgniter.php(933): App\Controllers\TaskController->index()
 5 SYSTEMPATH\CodeIgniter.php(509): CodeIgniter\CodeIgniter->runController(Object(App\Controllers\TaskController))
 6 SYSTEMPATH\CodeIgniter.php(355): CodeIgniter\CodeIgniter->handleRequest(null, Object(Config\Cache), false)
 7 SYSTEMPATH\Boot.php(325): CodeIgniter\CodeIgniter->run()
 8 SYSTEMPATH\Boot.php(67): CodeIgniter\Boot::runCodeIgniter(Object(CodeIgniter\CodeIgniter))
 9 FCPATH\index.php(56): CodeIgniter\Boot::bootWeb(Object(Config\Paths))
10 SYSTEMPATH\Commands\Server\rewrite.php(49): require_once('C:\\Users\\user\\Downloads\\CI4\\codeigniter4-framework-163f111\\public\\index.php')
CRITICAL - 2024-07-09 12:52:28 --> CodeIgniter\View\Exceptions\ViewException: Invalid file: "tasks.php"
[Method: GET, Route: tasks]
in SYSTEMPATH\Exceptions\FrameworkException.php on line 41.
 1 SYSTEMPATH\View\View.php(222): CodeIgniter\Exceptions\FrameworkException::forInvalidFile('tasks.php')
 2 SYSTEMPATH\Common.php(1171): CodeIgniter\View\View->render('tasks', [], true)
 3 APPPATH\Controllers\TaskController.php(20): view('tasks', [...])
 4 SYSTEMPATH\CodeIgniter.php(933): App\Controllers\TaskController->index()
 5 SYSTEMPATH\CodeIgniter.php(509): CodeIgniter\CodeIgniter->runController(Object(App\Controllers\TaskController))
 6 SYSTEMPATH\CodeIgniter.php(355): CodeIgniter\CodeIgniter->handleRequest(null, Object(Config\Cache), false)
 7 SYSTEMPATH\Boot.php(325): CodeIgniter\CodeIgniter->run()
 8 SYSTEMPATH\Boot.php(67): CodeIgniter\Boot::runCodeIgniter(Object(CodeIgniter\CodeIgniter))
 9 FCPATH\index.php(56): CodeIgniter\Boot::bootWeb(Object(Config\Paths))
10 SYSTEMPATH\Commands\Server\rewrite.php(49): require_once('C:\\Users\\user\\Downloads\\CI4\\codeigniter4-framework-163f111\\public\\index.php')
CRITICAL - 2024-07-09 12:52:31 --> CodeIgniter\View\Exceptions\ViewException: Invalid file: "tasks.php"
[Method: GET, Route: tasks]
in SYSTEMPATH\Exceptions\FrameworkException.php on line 41.
 1 SYSTEMPATH\View\View.php(222): CodeIgniter\Exceptions\FrameworkException::forInvalidFile('tasks.php')
 2 SYSTEMPATH\Common.php(1171): CodeIgniter\View\View->render('tasks', [], true)
 3 APPPATH\Controllers\TaskController.php(20): view('tasks', [...])
 4 SYSTEMPATH\CodeIgniter.php(933): App\Controllers\TaskController->index()
 5 SYSTEMPATH\CodeIgniter.php(509): CodeIgniter\CodeIgniter->runController(Object(App\Controllers\TaskController))
 6 SYSTEMPATH\CodeIgniter.php(355): CodeIgniter\CodeIgniter->handleRequest(null, Object(Config\Cache), false)
 7 SYSTEMPATH\Boot.php(325): CodeIgniter\CodeIgniter->run()
 8 SYSTEMPATH\Boot.php(67): CodeIgniter\Boot::runCodeIgniter(Object(CodeIgniter\CodeIgniter))
 9 FCPATH\index.php(56): CodeIgniter\Boot::bootWeb(Object(Config\Paths))
10 SYSTEMPATH\Commands\Server\rewrite.php(49): require_once('C:\\Users\\user\\Downloads\\CI4\\codeigniter4-framework-163f111\\public\\index.php')
CRITICAL - 2024-07-09 12:52:35 --> CodeIgniter\View\Exceptions\ViewException: Invalid file: "tasks.php"
[Method: GET, Route: tasks]
in SYSTEMPATH\Exceptions\FrameworkException.php on line 41.
 1 SYSTEMPATH\View\View.php(222): CodeIgniter\Exceptions\FrameworkException::forInvalidFile('tasks.php')
 2 SYSTEMPATH\Common.php(1171): CodeIgniter\View\View->render('tasks', [], true)
 3 APPPATH\Controllers\TaskController.php(20): view('tasks', [...])
 4 SYSTEMPATH\CodeIgniter.php(933): App\Controllers\TaskController->index()
 5 SYSTEMPATH\CodeIgniter.php(509): CodeIgniter\CodeIgniter->runController(Object(App\Controllers\TaskController))
 6 SYSTEMPATH\CodeIgniter.php(355): CodeIgniter\CodeIgniter->handleRequest(null, Object(Config\Cache), false)
 7 SYSTEMPATH\Boot.php(325): CodeIgniter\CodeIgniter->run()
 8 SYSTEMPATH\Boot.php(67): CodeIgniter\Boot::runCodeIgniter(Object(CodeIgniter\CodeIgniter))
 9 FCPATH\index.php(56): CodeIgniter\Boot::bootWeb(Object(Config\Paths))
10 SYSTEMPATH\Commands\Server\rewrite.php(49): require_once('C:\\Users\\user\\Downloads\\CI4\\codeigniter4-framework-163f111\\public\\index.php')
CRITICAL - 2024-07-09 12:57:02 --> CodeIgniter\View\Exceptions\ViewException: Invalid file: "tasks.php"
[Method: GET, Route: tasks]
in SYSTEMPATH\Exceptions\FrameworkException.php on line 41.
 1 SYSTEMPATH\View\View.php(222): CodeIgniter\Exceptions\FrameworkException::forInvalidFile('tasks.php')
 2 SYSTEMPATH\Common.php(1171): CodeIgniter\View\View->render('tasks', [], true)
 3 APPPATH\Controllers\TaskController.php(20): view('tasks', [...])
 4 SYSTEMPATH\CodeIgniter.php(933): App\Controllers\TaskController->index()
 5 SYSTEMPATH\CodeIgniter.php(509): CodeIgniter\CodeIgniter->runController(Object(App\Controllers\TaskController))
 6 SYSTEMPATH\CodeIgniter.php(355): CodeIgniter\CodeIgniter->handleRequest(null, Object(Config\Cache), false)
 7 SYSTEMPATH\Boot.php(325): CodeIgniter\CodeIgniter->run()
 8 SYSTEMPATH\Boot.php(67): CodeIgniter\Boot::runCodeIgniter(Object(CodeIgniter\CodeIgniter))
 9 FCPATH\index.php(56): CodeIgniter\Boot::bootWeb(Object(Config\Paths))
10 SYSTEMPATH\Commands\Server\rewrite.php(49): require_once('C:\\Users\\user\\Downloads\\CI4\\codeigniter4-framework-163f111\\public\\index.php')
CRITICAL - 2024-07-09 12:57:06 --> CodeIgniter\View\Exceptions\ViewException: Invalid file: "tasks.php"
[Method: GET, Route: tasks]
in SYSTEMPATH\Exceptions\FrameworkException.php on line 41.
 1 SYSTEMPATH\View\View.php(222): CodeIgniter\Exceptions\FrameworkException::forInvalidFile('tasks.php')
 2 SYSTEMPATH\Common.php(1171): CodeIgniter\View\View->render('tasks', [], true)
 3 APPPATH\Controllers\TaskController.php(20): view('tasks', [...])
 4 SYSTEMPATH\CodeIgniter.php(933): App\Controllers\TaskController->index()
 5 SYSTEMPATH\CodeIgniter.php(509): CodeIgniter\CodeIgniter->runController(Object(App\Controllers\TaskController))
 6 SYSTEMPATH\CodeIgniter.php(355): CodeIgniter\CodeIgniter->handleRequest(null, Object(Config\Cache), false)
 7 SYSTEMPATH\Boot.php(325): CodeIgniter\CodeIgniter->run()
 8 SYSTEMPATH\Boot.php(67): CodeIgniter\Boot::runCodeIgniter(Object(CodeIgniter\CodeIgniter))
 9 FCPATH\index.php(56): CodeIgniter\Boot::bootWeb(Object(Config\Paths))
10 SYSTEMPATH\Commands\Server\rewrite.php(49): require_once('C:\\Users\\user\\Downloads\\CI4\\codeigniter4-framework-163f111\\public\\index.php')
CRITICAL - 2024-07-09 12:57:07 --> CodeIgniter\View\Exceptions\ViewException: Invalid file: "tasks.php"
[Method: GET, Route: tasks]
in SYSTEMPATH\Exceptions\FrameworkException.php on line 41.
 1 SYSTEMPATH\View\View.php(222): CodeIgniter\Exceptions\FrameworkException::forInvalidFile('tasks.php')
 2 SYSTEMPATH\Common.php(1171): CodeIgniter\View\View->render('tasks', [], true)
 3 APPPATH\Controllers\TaskController.php(20): view('tasks', [...])
 4 SYSTEMPATH\CodeIgniter.php(933): App\Controllers\TaskController->index()
 5 SYSTEMPATH\CodeIgniter.php(509): CodeIgniter\CodeIgniter->runController(Object(App\Controllers\TaskController))
 6 SYSTEMPATH\CodeIgniter.php(355): CodeIgniter\CodeIgniter->handleRequest(null, Object(Config\Cache), false)
 7 SYSTEMPATH\Boot.php(325): CodeIgniter\CodeIgniter->run()
 8 SYSTEMPATH\Boot.php(67): CodeIgniter\Boot::runCodeIgniter(Object(CodeIgniter\CodeIgniter))
 9 FCPATH\index.php(56): CodeIgniter\Boot::bootWeb(Object(Config\Paths))
10 SYSTEMPATH\Commands\Server\rewrite.php(49): require_once('C:\\Users\\user\\Downloads\\CI4\\codeigniter4-framework-163f111\\public\\index.php')
CRITICAL - 2024-07-09 13:27:16 --> CodeIgniter\View\Exceptions\ViewException: Invalid file: "tasks.php"
[Method: GET, Route: tasks]
in SYSTEMPATH\Exceptions\FrameworkException.php on line 41.
 1 SYSTEMPATH\View\View.php(222): CodeIgniter\Exceptions\FrameworkException::forInvalidFile('tasks.php')
 2 SYSTEMPATH\Common.php(1171): CodeIgniter\View\View->render('tasks', [], true)
 3 APPPATH\Controllers\TaskController.php(20): view('tasks', [...])
 4 SYSTEMPATH\CodeIgniter.php(933): App\Controllers\TaskController->index()
 5 SYSTEMPATH\CodeIgniter.php(509): CodeIgniter\CodeIgniter->runController(Object(App\Controllers\TaskController))
 6 SYSTEMPATH\CodeIgniter.php(355): CodeIgniter\CodeIgniter->handleRequest(null, Object(Config\Cache), false)
 7 SYSTEMPATH\Boot.php(325): CodeIgniter\CodeIgniter->run()
 8 SYSTEMPATH\Boot.php(67): CodeIgniter\Boot::runCodeIgniter(Object(CodeIgniter\CodeIgniter))
 9 FCPATH\index.php(56): CodeIgniter\Boot::bootWeb(Object(Config\Paths))
10 SYSTEMPATH\Commands\Server\rewrite.php(49): require_once('C:\\Users\\user\\Downloads\\CI4\\codeigniter4-framework-163f111\\public\\index.php')
CRITICAL - 2024-07-09 13:27:18 --> CodeIgniter\View\Exceptions\ViewException: Invalid file: "tasks.php"
[Method: GET, Route: tasks]
in SYSTEMPATH\Exceptions\FrameworkException.php on line 41.
 1 SYSTEMPATH\View\View.php(222): CodeIgniter\Exceptions\FrameworkException::forInvalidFile('tasks.php')
 2 SYSTEMPATH\Common.php(1171): CodeIgniter\View\View->render('tasks', [], true)
 3 APPPATH\Controllers\TaskController.php(20): view('tasks', [...])
 4 SYSTEMPATH\CodeIgniter.php(933): App\Controllers\TaskController->index()
 5 SYSTEMPATH\CodeIgniter.php(509): CodeIgniter\CodeIgniter->runController(Object(App\Controllers\TaskController))
 6 SYSTEMPATH\CodeIgniter.php(355): CodeIgniter\CodeIgniter->handleRequest(null, Object(Config\Cache), false)
 7 SYSTEMPATH\Boot.php(325): CodeIgniter\CodeIgniter->run()
 8 SYSTEMPATH\Boot.php(67): CodeIgniter\Boot::runCodeIgniter(Object(CodeIgniter\CodeIgniter))
 9 FCPATH\index.php(56): CodeIgniter\Boot::bootWeb(Object(Config\Paths))
10 SYSTEMPATH\Commands\Server\rewrite.php(49): require_once('C:\\Users\\user\\Downloads\\CI4\\codeigniter4-framework-163f111\\public\\index.php')
CRITICAL - 2024-07-09 14:25:09 --> ErrorException: Attempt to read property "name" on array
[Method: GET, Route: tasks]
in APPPATH\Views\task.php on line 15.
 1 APPPATH\Views\task.php(15): CodeIgniter\Debug\Exceptions->errorHandler(2, 'Attempt to read property "name" on array', 'C:\\Users\\user\\Downloads\\CI4\\codeigniter4-framework-163f111\\app\\Views\\task.php', 15)
 2 SYSTEMPATH\View\View.php(234): include('C:\\Users\\user\\Downloads\\CI4\\codeigniter4-framework-163f111\\app\\Views\\task.php')
 3 SYSTEMPATH\View\View.php(237): CodeIgniter\View\View->CodeIgniter\View\{closure}()
 4 SYSTEMPATH\Common.php(1171): CodeIgniter\View\View->render('task', [], true)
 5 APPPATH\Controllers\TaskController.php(20): view('task', [...])
 6 SYSTEMPATH\CodeIgniter.php(933): App\Controllers\TaskController->index()
 7 SYSTEMPATH\CodeIgniter.php(509): CodeIgniter\CodeIgniter->runController(Object(App\Controllers\TaskController))
 8 SYSTEMPATH\CodeIgniter.php(355): CodeIgniter\CodeIgniter->handleRequest(null, Object(Config\Cache), false)
 9 SYSTEMPATH\Boot.php(325): CodeIgniter\CodeIgniter->run()
10 SYSTEMPATH\Boot.php(67): CodeIgniter\Boot::runCodeIgniter(Object(CodeIgniter\CodeIgniter))
11 FCPATH\index.php(56): CodeIgniter\Boot::bootWeb(Object(Config\Paths))
12 SYSTEMPATH\Commands\Server\rewrite.php(49): require_once('C:\\Users\\user\\Downloads\\CI4\\codeigniter4-framework-163f111\\public\\index.php')
CRITICAL - 2024-07-09 14:28:03 --> CodeIgniter\View\Exceptions\ViewException: Invalid file: "tasks.php"
[Method: GET, Route: tasks]
in SYSTEMPATH\Exceptions\FrameworkException.php on line 41.
 1 SYSTEMPATH\View\View.php(222): CodeIgniter\Exceptions\FrameworkException::forInvalidFile('tasks.php')
 2 SYSTEMPATH\Common.php(1171): CodeIgniter\View\View->render('tasks', [], true)
 3 APPPATH\Controllers\TaskController.php(20): view('tasks', [...])
 4 SYSTEMPATH\CodeIgniter.php(933): App\Controllers\TaskController->index()
 5 SYSTEMPATH\CodeIgniter.php(509): CodeIgniter\CodeIgniter->runController(Object(App\Controllers\TaskController))
 6 SYSTEMPATH\CodeIgniter.php(355): CodeIgniter\CodeIgniter->handleRequest(null, Object(Config\Cache), false)
 7 SYSTEMPATH\Boot.php(325): CodeIgniter\CodeIgniter->run()
 8 SYSTEMPATH\Boot.php(67): CodeIgniter\Boot::runCodeIgniter(Object(CodeIgniter\CodeIgniter))
 9 FCPATH\index.php(56): CodeIgniter\Boot::bootWeb(Object(Config\Paths))
10 SYSTEMPATH\Commands\Server\rewrite.php(49): require_once('C:\\Users\\user\\Downloads\\CI4\\codeigniter4-framework-163f111\\public\\index.php')
CRITICAL - 2024-07-09 14:31:02 --> CodeIgniter\View\Exceptions\ViewException: Invalid file: "tasks.php"
[Method: GET, Route: tasks]
in SYSTEMPATH\Exceptions\FrameworkException.php on line 41.
 1 SYSTEMPATH\View\View.php(222): CodeIgniter\Exceptions\FrameworkException::forInvalidFile('tasks.php')
 2 SYSTEMPATH\Common.php(1171): CodeIgniter\View\View->render('tasks', [], true)
 3 APPPATH\Controllers\TaskController.php(20): view('tasks', [...])
 4 SYSTEMPATH\CodeIgniter.php(933): App\Controllers\TaskController->index()
 5 SYSTEMPATH\CodeIgniter.php(509): CodeIgniter\CodeIgniter->runController(Object(App\Controllers\TaskController))
 6 SYSTEMPATH\CodeIgniter.php(355): CodeIgniter\CodeIgniter->handleRequest(null, Object(Config\Cache), false)
 7 SYSTEMPATH\Boot.php(325): CodeIgniter\CodeIgniter->run()
 8 SYSTEMPATH\Boot.php(67): CodeIgniter\Boot::runCodeIgniter(Object(CodeIgniter\CodeIgniter))
 9 FCPATH\index.php(56): CodeIgniter\Boot::bootWeb(Object(Config\Paths))
10 SYSTEMPATH\Commands\Server\rewrite.php(49): require_once('C:\\Users\\user\\Downloads\\CI4\\codeigniter4-framework-163f111\\public\\index.php')
CRITICAL - 2024-07-09 14:31:05 --> CodeIgniter\View\Exceptions\ViewException: Invalid file: "tasks.php"
[Method: GET, Route: tasks]
in SYSTEMPATH\Exceptions\FrameworkException.php on line 41.
 1 SYSTEMPATH\View\View.php(222): CodeIgniter\Exceptions\FrameworkException::forInvalidFile('tasks.php')
 2 SYSTEMPATH\Common.php(1171): CodeIgniter\View\View->render('tasks', [], true)
 3 APPPATH\Controllers\TaskController.php(20): view('tasks', [...])
 4 SYSTEMPATH\CodeIgniter.php(933): App\Controllers\TaskController->index()
 5 SYSTEMPATH\CodeIgniter.php(509): CodeIgniter\CodeIgniter->runController(Object(App\Controllers\TaskController))
 6 SYSTEMPATH\CodeIgniter.php(355): CodeIgniter\CodeIgniter->handleRequest(null, Object(Config\Cache), false)
 7 SYSTEMPATH\Boot.php(325): CodeIgniter\CodeIgniter->run()
 8 SYSTEMPATH\Boot.php(67): CodeIgniter\Boot::runCodeIgniter(Object(CodeIgniter\CodeIgniter))
 9 FCPATH\index.php(56): CodeIgniter\Boot::bootWeb(Object(Config\Paths))
10 SYSTEMPATH\Commands\Server\rewrite.php(49): require_once('C:\\Users\\user\\Downloads\\CI4\\codeigniter4-framework-163f111\\public\\index.php')
CRITICAL - 2024-07-09 14:31:05 --> CodeIgniter\View\Exceptions\ViewException: Invalid file: "tasks.php"
[Method: GET, Route: tasks]
in SYSTEMPATH\Exceptions\FrameworkException.php on line 41.
 1 SYSTEMPATH\View\View.php(222): CodeIgniter\Exceptions\FrameworkException::forInvalidFile('tasks.php')
 2 SYSTEMPATH\Common.php(1171): CodeIgniter\View\View->render('tasks', [], true)
 3 APPPATH\Controllers\TaskController.php(20): view('tasks', [...])
 4 SYSTEMPATH\CodeIgniter.php(933): App\Controllers\TaskController->index()
 5 SYSTEMPATH\CodeIgniter.php(509): CodeIgniter\CodeIgniter->runController(Object(App\Controllers\TaskController))
 6 SYSTEMPATH\CodeIgniter.php(355): CodeIgniter\CodeIgniter->handleRequest(null, Object(Config\Cache), false)
 7 SYSTEMPATH\Boot.php(325): CodeIgniter\CodeIgniter->run()
 8 SYSTEMPATH\Boot.php(67): CodeIgniter\Boot::runCodeIgniter(Object(CodeIgniter\CodeIgniter))
 9 FCPATH\index.php(56): CodeIgniter\Boot::bootWeb(Object(Config\Paths))
10 SYSTEMPATH\Commands\Server\rewrite.php(49): require_once('C:\\Users\\user\\Downloads\\CI4\\codeigniter4-framework-163f111\\public\\index.php')
CRITICAL - 2024-07-09 14:31:06 --> CodeIgniter\View\Exceptions\ViewException: Invalid file: "tasks.php"
[Method: GET, Route: tasks]
in SYSTEMPATH\Exceptions\FrameworkException.php on line 41.
 1 SYSTEMPATH\View\View.php(222): CodeIgniter\Exceptions\FrameworkException::forInvalidFile('tasks.php')
 2 SYSTEMPATH\Common.php(1171): CodeIgniter\View\View->render('tasks', [], true)
 3 APPPATH\Controllers\TaskController.php(20): view('tasks', [...])
 4 SYSTEMPATH\CodeIgniter.php(933): App\Controllers\TaskController->index()
 5 SYSTEMPATH\CodeIgniter.php(509): CodeIgniter\CodeIgniter->runController(Object(App\Controllers\TaskController))
 6 SYSTEMPATH\CodeIgniter.php(355): CodeIgniter\CodeIgniter->handleRequest(null, Object(Config\Cache), false)
 7 SYSTEMPATH\Boot.php(325): CodeIgniter\CodeIgniter->run()
 8 SYSTEMPATH\Boot.php(67): CodeIgniter\Boot::runCodeIgniter(Object(CodeIgniter\CodeIgniter))
 9 FCPATH\index.php(56): CodeIgniter\Boot::bootWeb(Object(Config\Paths))
10 SYSTEMPATH\Commands\Server\rewrite.php(49): require_once('C:\\Users\\user\\Downloads\\CI4\\codeigniter4-framework-163f111\\public\\index.php')
CRITICAL - 2024-07-09 14:31:06 --> CodeIgniter\View\Exceptions\ViewException: Invalid file: "tasks.php"
[Method: GET, Route: tasks]
in SYSTEMPATH\Exceptions\FrameworkException.php on line 41.
 1 SYSTEMPATH\View\View.php(222): CodeIgniter\Exceptions\FrameworkException::forInvalidFile('tasks.php')
 2 SYSTEMPATH\Common.php(1171): CodeIgniter\View\View->render('tasks', [], true)
 3 APPPATH\Controllers\TaskController.php(20): view('tasks', [...])
 4 SYSTEMPATH\CodeIgniter.php(933): App\Controllers\TaskController->index()
 5 SYSTEMPATH\CodeIgniter.php(509): CodeIgniter\CodeIgniter->runController(Object(App\Controllers\TaskController))
 6 SYSTEMPATH\CodeIgniter.php(355): CodeIgniter\CodeIgniter->handleRequest(null, Object(Config\Cache), false)
 7 SYSTEMPATH\Boot.php(325): CodeIgniter\CodeIgniter->run()
 8 SYSTEMPATH\Boot.php(67): CodeIgniter\Boot::runCodeIgniter(Object(CodeIgniter\CodeIgniter))
 9 FCPATH\index.php(56): CodeIgniter\Boot::bootWeb(Object(Config\Paths))
10 SYSTEMPATH\Commands\Server\rewrite.php(49): require_once('C:\\Users\\user\\Downloads\\CI4\\codeigniter4-framework-163f111\\public\\index.php')
CRITICAL - 2024-07-09 14:31:06 --> CodeIgniter\View\Exceptions\ViewException: Invalid file: "tasks.php"
[Method: GET, Route: tasks]
in SYSTEMPATH\Exceptions\FrameworkException.php on line 41.
 1 SYSTEMPATH\View\View.php(222): CodeIgniter\Exceptions\FrameworkException::forInvalidFile('tasks.php')
 2 SYSTEMPATH\Common.php(1171): CodeIgniter\View\View->render('tasks', [], true)
 3 APPPATH\Controllers\TaskController.php(20): view('tasks', [...])
 4 SYSTEMPATH\CodeIgniter.php(933): App\Controllers\TaskController->index()
 5 SYSTEMPATH\CodeIgniter.php(509): CodeIgniter\CodeIgniter->runController(Object(App\Controllers\TaskController))
 6 SYSTEMPATH\CodeIgniter.php(355): CodeIgniter\CodeIgniter->handleRequest(null, Object(Config\Cache), false)
 7 SYSTEMPATH\Boot.php(325): CodeIgniter\CodeIgniter->run()
 8 SYSTEMPATH\Boot.php(67): CodeIgniter\Boot::runCodeIgniter(Object(CodeIgniter\CodeIgniter))
 9 FCPATH\index.php(56): CodeIgniter\Boot::bootWeb(Object(Config\Paths))
10 SYSTEMPATH\Commands\Server\rewrite.php(49): require_once('C:\\Users\\user\\Downloads\\CI4\\codeigniter4-framework-163f111\\public\\index.php')
CRITICAL - 2024-07-09 14:31:06 --> CodeIgniter\View\Exceptions\ViewException: Invalid file: "tasks.php"
[Method: GET, Route: tasks]
in SYSTEMPATH\Exceptions\FrameworkException.php on line 41.
 1 SYSTEMPATH\View\View.php(222): CodeIgniter\Exceptions\FrameworkException::forInvalidFile('tasks.php')
 2 SYSTEMPATH\Common.php(1171): CodeIgniter\View\View->render('tasks', [], true)
 3 APPPATH\Controllers\TaskController.php(20): view('tasks', [...])
 4 SYSTEMPATH\CodeIgniter.php(933): App\Controllers\TaskController->index()
 5 SYSTEMPATH\CodeIgniter.php(509): CodeIgniter\CodeIgniter->runController(Object(App\Controllers\TaskController))
 6 SYSTEMPATH\CodeIgniter.php(355): CodeIgniter\CodeIgniter->handleRequest(null, Object(Config\Cache), false)
 7 SYSTEMPATH\Boot.php(325): CodeIgniter\CodeIgniter->run()
 8 SYSTEMPATH\Boot.php(67): CodeIgniter\Boot::runCodeIgniter(Object(CodeIgniter\CodeIgniter))
 9 FCPATH\index.php(56): CodeIgniter\Boot::bootWeb(Object(Config\Paths))
10 SYSTEMPATH\Commands\Server\rewrite.php(49): require_once('C:\\Users\\user\\Downloads\\CI4\\codeigniter4-framework-163f111\\public\\index.php')
CRITICAL - 2024-07-09 14:31:06 --> CodeIgniter\View\Exceptions\ViewException: Invalid file: "tasks.php"
[Method: GET, Route: tasks]
in SYSTEMPATH\Exceptions\FrameworkException.php on line 41.
 1 SYSTEMPATH\View\View.php(222): CodeIgniter\Exceptions\FrameworkException::forInvalidFile('tasks.php')
 2 SYSTEMPATH\Common.php(1171): CodeIgniter\View\View->render('tasks', [], true)
 3 APPPATH\Controllers\TaskController.php(20): view('tasks', [...])
 4 SYSTEMPATH\CodeIgniter.php(933): App\Controllers\TaskController->index()
 5 SYSTEMPATH\CodeIgniter.php(509): CodeIgniter\CodeIgniter->runController(Object(App\Controllers\TaskController))
 6 SYSTEMPATH\CodeIgniter.php(355): CodeIgniter\CodeIgniter->handleRequest(null, Object(Config\Cache), false)
 7 SYSTEMPATH\Boot.php(325): CodeIgniter\CodeIgniter->run()
 8 SYSTEMPATH\Boot.php(67): CodeIgniter\Boot::runCodeIgniter(Object(CodeIgniter\CodeIgniter))
 9 FCPATH\index.php(56): CodeIgniter\Boot::bootWeb(Object(Config\Paths))
10 SYSTEMPATH\Commands\Server\rewrite.php(49): require_once('C:\\Users\\user\\Downloads\\CI4\\codeigniter4-framework-163f111\\public\\index.php')
